Added Component: Designator=C1(C10mm)
Add component. Clean all parameters for all variants
Add component (AddParameter): Name = "LatestRevisionDate"; Value = "17-Jul-2002"; VariantName = "[No Variations]"
Add component (AddParameter): Name = "LatestRevisionNote"; Value = "Re-released for DXP Platform."; VariantName = "[No Variations]"
Add component (AddParameter): Name = "PackageReference"; Value = "POLAR0.8"; VariantName = "[No Variations]"
Add component (AddParameter): Name = "Published"; Value = "8-Jun-2000"; VariantName = "[No Variations]"
Add component (AddParameter): Name = "Publisher"; Value = "Altium Limited"; VariantName = "[No Variations]"
Added Component: Designator=C2(C10mm)
Add component. Clean all parameters for all variants
Add component (AddParameter): Name = "LatestRevisionDate"; Value = "17-Jul-2002"; VariantName = "[No Variations]"
Add component (AddParameter): Name = "LatestRevisionNote"; Value = "Re-released for DXP Platform."; VariantName = "[No Variations]"
Add component (AddParameter): Name = "PackageReference"; Value = "POLAR0.8"; VariantName = "[No Variations]"
Add component (AddParameter): Name = "Published"; Value = "8-Jun-2000"; VariantName = "[No Variations]"
Add component (AddParameter): Name = "Publisher"; Value = "Altium Limited"; VariantName = "[No Variations]"
Added Component: Designator=C3(C10mm)
Add component. Clean all parameters for all variants
Add component (AddParameter): Name = "LatestRevisionDate"; Value = "17-Jul-2002"; VariantName = "[No Variations]"
Add component (AddParameter): Name = "LatestRevisionNote"; Value = "Re-released for DXP Platform."; VariantName = "[No Variations]"
Add component (AddParameter): Name = "PackageReference"; Value = "POLAR0.8"; VariantName = "[No Variations]"
Add component (AddParameter): Name = "Published"; Value = "8-Jun-2000"; VariantName = "[No Variations]"
Add component (AddParameter): Name = "Publisher"; Value = "Altium Limited"; VariantName = "[No Variations]"
Added Component: Designator=D1(D1A)
Add component. Clean all parameters for all variants
Add component (AddParameter): Name = "Value"; Value = "1N4007"; VariantName = "[No Variations]"
Added Component: Designator=D2(D1A)
Add component. Clean all parameters for all variants
Add component (AddParameter): Name = "Value"; Value = "1N4007"; VariantName = "[No Variations]"
Added Component: Designator=D3(D1A)
Add component. Clean all parameters for all variants
Add component (AddParameter): Name = "Value"; Value = "1N4007"; VariantName = "[No Variations]"
Added Component: Designator=D4(D1A)
Add component. Clean all parameters for all variants
Add component (AddParameter): Name = "Value"; Value = "1N4007"; VariantName = "[No Variations]"
Added Component: Designator=D5(D1A)
Add component. Clean all parameters for all variants
Add component (AddParameter): Name = "Value"; Value = "1N4007"; VariantName = "[No Variations]"
Added Component: Designator=D6(D1A)
Add component. Clean all parameters for all variants
Add component (AddParameter): Name = "Value"; Value = "1N4007"; VariantName = "[No Variations]"
Added Component: Designator=IC1(diode cau)
Add component. Clean all parameters for all variants
Add component (AddParameter): Name = "Chung_Loai"; Value = "C?m"; VariantName = "[No Variations]"
Add component (AddParameter): Name = "Don_Vi"; Value = "Con"; VariantName = "[No Variations]"
Add component (AddParameter): Name = "Kieu_Chan"; Value = ""; VariantName = "[No Variations]"
Add component (AddParameter): Name = "Ma_Hang"; Value = "MH001207"; VariantName = "[No Variations]"
Add component (AddParameter): Name = "So_Chan"; Value = "4"; VariantName = "[No Variations]"
Add component (AddParameter): Name = "Ten_Linh_Kien"; Value = "Diode C?u 3A 700V KBP307 (Vuông)"; VariantName = "[No Variations]"
Added Component: Designator=IC2(QTO-220H3)
Add component. Clean all parameters for all variants
Add component (AddParameter): Name = ""; Value = "LM7808"; VariantName = "[No Variations]"
Add component (AddParameter): Name = "Value"; Value = "LM7805"; VariantName = "[No Variations]"
Added Component: Designator=IC3(DIP8/W0.3)
Add component. Clean all parameters for all variants
Add component (AddParameter): Name = "Value"; Value = "LM358"; VariantName = "[No Variations]"
Added Component: Designator=J1(JP3)
Add component. Clean all parameters for all variants
Add component (AddParameter): Name = "Value"; Value = "J3"; VariantName = "[No Variations]"
Added Component: Designator=JP1(jump don duc 2.54_5p)
Add component. Clean all parameters for all variants
Add component (AddParameter): Name = "Chung_Loai"; Value = "C?m"; VariantName = "[No Variations]"
Add component (AddParameter): Name = "Don_Vi"; Value = "Con"; VariantName = "[No Variations]"
Add component (AddParameter): Name = "Kieu_Chan"; Value = ""; VariantName = "[No Variations]"
Add component (AddParameter): Name = "Ma_Hang"; Value = "MH000903"; VariantName = "[No Variations]"
Add component (AddParameter): Name = "So_Chan"; Value = "5"; VariantName = "[No Variations]"
Add component (AddParameter): Name = "Ten_Linh_Kien"; Value = "Jump Ðon Ð?c 2.54MM 2x40P Th?ng 11MM"; VariantName = "[No Variations]"
Added Component: Designator=P1(KF25C_2P)
Add component. Clean all parameters for all variants
Add component (AddParameter): Name = "CompanyID"; Value = ""; VariantName = "[No Variations]"
Add component (AddParameter): Name = "MFR"; Value = ""; VariantName = "[No Variations]"
Add component (AddParameter): Name = "MFR_URL"; Value = ""; VariantName = "[No Variations]"
Add component (AddParameter): Name = "MPN"; Value = "KF25C_2P"; VariantName = "[No Variations]"
Add component (AddParameter): Name = "Solder"; Value = "WAVE"; VariantName = "[No Variations]"
Add component (AddParameter): Name = "Value"; Value = "KF25C_2P"; VariantName = "[No Variations]"
Added Component: Designator=P2(KF25C_2P)
Add component. Clean all parameters for all variants
Add component (AddParameter): Name = "CompanyID"; Value = ""; VariantName = "[No Variations]"
Add component (AddParameter): Name = "MFR"; Value = ""; VariantName = "[No Variations]"
Add component (AddParameter): Name = "MFR_URL"; Value = ""; VariantName = "[No Variations]"
Add component (AddParameter): Name = "MPN"; Value = "KF25C_2P"; VariantName = "[No Variations]"
Add component (AddParameter): Name = "Solder"; Value = "WAVE"; VariantName = "[No Variations]"
Add component (AddParameter): Name = "Value"; Value = "KF25C_2P"; VariantName = "[No Variations]"
Added Component: Designator=Q1(QTO-92)
Add component. Clean all parameters for all variants
Add component (AddParameter): Name = ""; Value = "C2383"; VariantName = "[No Variations]"
Add component (AddParameter): Name = "Value"; Value = "C1815"; VariantName = "[No Variations]"
Added Component: Designator=Q2(QTO-92)
Add component. Clean all parameters for all variants
Add component (AddParameter): Name = ""; Value = "A1013"; VariantName = "[No Variations]"
Add component (AddParameter): Name = "Value"; Value = "A1015"; VariantName = "[No Variations]"
Added Component: Designator=Q3(QTO-92)
Add component. Clean all parameters for all variants
Add component (AddParameter): Name = ""; Value = "C2383"; VariantName = "[No Variations]"
Add component (AddParameter): Name = "Value"; Value = "C1815"; VariantName = "[No Variations]"
Added Component: Designator=QB1(QTO-247)
Add component. Clean all parameters for all variants
Add component (AddParameter): Name = "Value"; Value = "D718"; VariantName = "[No Variations]"
Added Component: Designator=QB2(QTO-247)
Add component. Clean all parameters for all variants
Add component (AddParameter): Name = "Value"; Value = "B688"; VariantName = "[No Variations]"
Added Component: Designator=R1(R2W)
Add component. Clean all parameters for all variants
Add component (AddParameter): Name = "Value"; Value = "R2W - 47"; VariantName = "[No Variations]"
Added Component: Designator=R2(R2W)
Add component. Clean all parameters for all variants
Add component (AddParameter): Name = "Value"; Value = "R2W - 47"; VariantName = "[No Variations]"
Added Component: Designator=R4(R2W)
Add component. Clean all parameters for all variants
Add component (AddParameter): Name = "Value"; Value = "R2W - 47"; VariantName = "[No Variations]"
Added Component: Designator=R5(R2W)
Add component. Clean all parameters for all variants
Add component (AddParameter): Name = "Value"; Value = "R2W - 47"; VariantName = "[No Variations]"
Added Component: Designator=VIT1(VIT)
Add component. Clean all parameters for all variants
Added Component: Designator=VIT2(VIT)
Add component. Clean all parameters for all variants
Added Component: Designator=VIT3(VIT)
Add component. Clean all parameters for all variants
Added Component: Designator=VIT4(VIT)
Add component. Clean all parameters for all variants
Added Component: Designator=Volum1(VOL-D)
Add component. Clean all parameters for all variants
Add component (AddParameter): Name = "Value"; Value = "Volume Dual 50K"; VariantName = "[No Variations]"
Added Component: Designator=Volum2(VOL-D)
Add component. Clean all parameters for all variants
Add component (AddParameter): Name = "Value"; Value = "Volume Dual 50K"; VariantName = "[No Variations]"
Added Pin To Net: NetName=19V Pin=C1-1
Added Pin To Net: NetName=GND Pin=C1-2
Added Pin To Net: NetName=NetC2_1 Pin=C2-1
Added Pin To Net: NetName=NetC2_2 Pin=C2-2
Added Pin To Net: NetName=NetC3_1 Pin=C3-1
Added Pin To Net: NetName=NetC3_2 Pin=C3-2
Added Pin To Net: NetName=NetD1_1 Pin=D1-1
Added Pin To Net: NetName=NetD1_2 Pin=D1-2
Added Pin To Net: NetName=NetD1_2 Pin=D2-1
Added Pin To Net: NetName=NetD2_2 Pin=D2-2
Added Pin To Net: NetName=NetD2_2 Pin=D3-1
Added Pin To Net: NetName=NetD3_2 Pin=D3-2
Added Pin To Net: NetName=NetD3_2 Pin=D4-1
Added Pin To Net: NetName=NetD4_2 Pin=D4-2
Added Pin To Net: NetName=NetD5_1 Pin=D5-1
Added Pin To Net: NetName=NetD5_2 Pin=D5-2
Added Pin To Net: NetName=NetD5_2 Pin=D6-1
Added Pin To Net: NetName=GND Pin=D6-2
Added Pin To Net: NetName=19V Pin=IC1-1
Added Pin To Net: NetName=NetIC1_2 Pin=IC1-2
Added Pin To Net: NetName=NetIC1_3 Pin=IC1-3
Added Pin To Net: NetName=GND Pin=IC1-4
Added Pin To Net: NetName=19V Pin=IC2-1
Added Pin To Net: NetName=GND Pin=IC2-2
Added Pin To Net: NetName=GND Pin=IC2-2
Added Pin To Net: NetName=+5 Pin=IC2-3
Added Pin To Net: NetName=NetD1_1 Pin=IC3-1
Added Pin To Net: NetName=NetIC3_2 Pin=IC3-2
Added Pin To Net: NetName=NetC2_1 Pin=IC3-3
Added Pin To Net: NetName=19V Pin=IC3-4
Added Pin To Net: NetName=GND Pin=IC3-8
Added Pin To Net: NetName=GND Pin=J1-2
Added Pin To Net: NetName=NetC2_2 Pin=JP1-1
Added Pin To Net: NetName=NetC2_2 Pin=JP1-2
Added Pin To Net: NetName=NetC2_2 Pin=JP1-3
Added Pin To Net: NetName=NetC2_2 Pin=JP1-4
Added Pin To Net: NetName=NetC2_2 Pin=JP1-5
Added Pin To Net: NetName=NetIC1_3 Pin=P1-1
Added Pin To Net: NetName=NetIC1_3 Pin=P1-1
Added Pin To Net: NetName=NetIC1_2 Pin=P1-2
Added Pin To Net: NetName=NetIC1_2 Pin=P1-2
Added Pin To Net: NetName=NetC3_2 Pin=P2-1
Added Pin To Net: NetName=NetC3_2 Pin=P2-1
Added Pin To Net: NetName=GND Pin=P2-2
Added Pin To Net: NetName=GND Pin=P2-2
Added Pin To Net: NetName=NetQ1_1 Pin=Q1-1
Added Pin To Net: NetName=19V Pin=Q1-2
Added Pin To Net: NetName=NetD1_1 Pin=Q1-3
Added Pin To Net: NetName=NetQ2_1 Pin=Q2-1
Added Pin To Net: NetName=GND Pin=Q2-2
Added Pin To Net: NetName=NetD4_2 Pin=Q2-3
Added Pin To Net: NetName=NetQ3_1 Pin=Q3-1
Added Pin To Net: NetName=NetD4_2 Pin=Q3-2
Added Pin To Net: NetName=NetD5_1 Pin=Q3-3
Added Pin To Net: NetName=NetQ1_1 Pin=QB1-1
Added Pin To Net: NetName=19V Pin=QB1-2
Added Pin To Net: NetName=NetC3_1 Pin=QB1-3
Added Pin To Net: NetName=NetQ2_1 Pin=QB2-1
Added Pin To Net: NetName=NetC3_1 Pin=QB2-2
Added Pin To Net: NetName=GND Pin=QB2-3
Added Pin To Net: NetName=NetC2_1 Pin=R1-1
Added Pin To Net: NetName=+5 Pin=R1-2
Added Pin To Net: NetName=NetIC3_2 Pin=R2-1
Added Pin To Net: NetName=GND Pin=R2-2
Added Pin To Net: NetName=NetD5_1 Pin=R4-1
Added Pin To Net: NetName=19V Pin=R4-2
Added Pin To Net: NetName=NetQ3_1 Pin=R5-1
Added Pin To Net: NetName=GND Pin=R5-2
Added Pin To Net: NetName=NetC2_1 Pin=Volum1-1
Added Pin To Net: NetName=GND Pin=Volum1-3
Added Pin To Net: NetName=NetIC3_2 Pin=Volum2-1
Added Pin To Net: NetName=NetD1_1 Pin=Volum2-3
Added Member To Class: ClassName=MachLoa Member=Component C1 2200uF
Added Member To Class: ClassName=MachLoa Member=Component C2 4.7uF
Added Member To Class: ClassName=MachLoa Member=Component C3 1000uF
Added Member To Class: ClassName=MachLoa Member=Component D1 1N4007
Added Member To Class: ClassName=MachLoa Member=Component D2 1N4007
Added Member To Class: ClassName=MachLoa Member=Component D3 1N4007
Added Member To Class: ClassName=MachLoa Member=Component D4 1N4007
Added Member To Class: ClassName=MachLoa Member=Component D5 1N4007
Added Member To Class: ClassName=MachLoa Member=Component D6 1N4007
Added Member To Class: ClassName=MachLoa Member=Component IC1 Diode Cau 3A 700V
Added Member To Class: ClassName=MachLoa Member=Component IC2 LM7805
Added Member To Class: ClassName=MachLoa Member=Component IC3 LM358
Added Member To Class: ClassName=MachLoa Member=Component J1 Jumper 3
Added Member To Class: ClassName=MachLoa Member=Component JP1 2.54_5P
Added Member To Class: ClassName=MachLoa Member=Component P1 KF25C_2P
Added Member To Class: ClassName=MachLoa Member=Component P2 LOA
Added Member To Class: ClassName=MachLoa Member=Component Q1 C1815
Added Member To Class: ClassName=MachLoa Member=Component Q2 A1015
Added Member To Class: ClassName=MachLoa Member=Component Q3 C1815
Added Member To Class: ClassName=MachLoa Member=Component QB1 D718
Added Member To Class: ClassName=MachLoa Member=Component QB2 B688
Added Member To Class: ClassName=MachLoa Member=Component R1 100K
Added Member To Class: ClassName=MachLoa Member=Component R2 4.7K
Added Member To Class: ClassName=MachLoa Member=Component R4 100K
Added Member To Class: ClassName=MachLoa Member=Component R5 560
Added Member To Class: ClassName=MachLoa Member=Component VIT1 1
Added Member To Class: ClassName=MachLoa Member=Component VIT2 1
Added Member To Class: ClassName=MachLoa Member=Component VIT3 1
Added Member To Class: ClassName=MachLoa Member=Component VIT4 1
Added Member To Class: ClassName=MachLoa Member=Component Volum1 50K
Added Member To Class: ClassName=MachLoa Member=Component Volum2 50K
Added Room: Name=MachLoa
